{"contracts/HelloWorld.sol":{"l":{"16":1,"17":1,"18":1,"22":1,"23":1,"24":1},"path":"/home/dev/Documents/dapp-skeleton/contracts/HelloWorld.sol","s":{"1":1,"2":1,"3":1,"4":1,"5":1,"6":1},"b":{},"f":{"1":3,"2":1,"3":1},"fnMap":{"1":{"name":null,"line":12,"loc":{"start":{"line":12,"column":4},"end":{"line":12,"column":22}}},"2":{"name":"setMessage","line":15,"loc":{"start":{"line":15,"column":4},"end":{"line":15,"column":67}}},"3":{"name":"setNumber","line":21,"loc":{"start":{"line":21,"column":4},"end":{"line":21,"column":59}}}},"statementMap":{"1":{"start":{"line":16,"column":8},"end":{"line":16,"column":25}},"2":{"start":{"line":17,"column":8},"end":{"line":17,"column":44}},"3":{"start":{"line":18,"column":8},"end":{"line":18,"column":19}},"4":{"start":{"line":22,"column":8},"end":{"line":22,"column":23}},"5":{"start":{"line":23,"column":8},"end":{"line":23,"column":42}},"6":{"start":{"line":24,"column":8},"end":{"line":24,"column":19}}},"branchMap":{}}}